<?xml version="1.0" encoding="UTF-8"?>
<testsuite xmlns:xsi="http://www.w3.org/2001/XMLSchema-instance" xsi:noNamespaceSchemaLocation="https://maven.apache.org/surefire/maven-surefire-plugin/xsd/surefire-test-report-3.0.xsd" version="3.0" name="com.devrats.integration.AuthIntegrationTest" time="10.163" tests="6" errors="0" skipped="0" failures="0">
  <properties>
[...]
</properties>
  <testcase name="shouldRejectLogoutWithoutToken" classname="com.devrats.integration.AuthIntegrationTest" time="0.861">
    <system-out><![CDATA[2026-05-26 01:16:08.940 [main] INFO  o.s.t.c.s.AnnotationConfigContextLoaderUtils - Could not detect default configuration classes for test class [com.devrats.integration.AuthIntegrationTest]: AuthIntegrationTest does not declare any static, non-private, non-final, nested classes annotated with @Configuration.
2026-05-26 01:16:09.125 [main] INFO  o.s.b.t.c.SpringBootTestContextBootstrapper - Found @SpringBootConfiguration com.devrats.DevRatsApplication for test class com.devrats.integration.AuthIntegrationTest

  .   ____          _            __ _ _
 /\\ / ___'_ __ _ _(_)_ __  __ _ \ \ \ \
( ( )\___ | '_ | '_| | '_ \/ _` | \ \ \ \
 \\/  ___)| |_)| | | | | || (_| |  ) ) ) )
  '  |____| .__|_| |_|_| |_\__, | / / / /
 =========|_|==============|___/=/_/_/_/
 :: Spring Boot ::                (v3.2.5)

2026-05-26 01:16:09.661 [main] INFO  c.d.integration.AuthIntegrationTest - Starting AuthIntegrationTest using Java 21.0.11 with PID 25120 (started by filip in C:\Users\filip\Downloads\Projects\FullStack\CodeRats\backend)
2026-05-26 01:16:09.661 [main] INFO  c.d.integration.AuthIntegrationTest - The following 1 profile is active: "test"
2026-05-26 01:16:10.707 [main] INFO  o.s.d.r.c.RepositoryConfigurationDelegate - Bootstrapping Spring Data JPA repositories in DEFAULT mode.
2026-05-26 01:16:10.816 [main] INFO  o.s.d.r.c.RepositoryConfigurationDelegate - Finished Spring Data repository scanning in 98 ms. Found 7 JPA repository interfaces.
2026-05-26 01:16:11.778 [main] INFO  o.h.jpa.internal.util.LogHelper - HHH000204: Processing PersistenceUnitInfo [name: default]
2026-05-26 01:16:11.914 [main] INFO  org.hibernate.Version - HHH000412: Hibernate ORM core version 6.4.4.Final
2026-05-26 01:16:11.977 [main] INFO  o.h.c.i.RegionFactoryInitiator - HHH000026: Second-level cache disabled
2026-05-26 01:16:12.400 [main] INFO  o.s.o.j.p.SpringPersistenceUnitInfo - No LoadTimeWeaver setup: ignoring JPA class transformer
2026-05-26 01:16:12.447 [main] INFO  com.zaxxer.hikari.HikariDataSource - HikariPool-1 - Starting...
2026-05-26 01:16:12.722 [main] INFO  com.zaxxer.hikari.pool.HikariPool - HikariPool-1 - Added connection conn0: url=jdbc:h2:mem:devrats_test user=SA
2026-05-26 01:16:12.724 [main] INFO  com.zaxxer.hikari.HikariDataSource - HikariPool-1 - Start completed.
2026-05-26 01:16:12.757 [main] WARN  org.hibernate.orm.deprecation - HHH90000025: H2Dialect does not need to be specified explicitly using 'hibernate.dialect' (remove the property setting and it will be selected by default)
2026-05-26 01:16:13.906 [main] INFO  o.h.e.t.j.p.i.JtaPlatformInitiator - HHH000489: No JTA platform available (set 'hibernate.transaction.jta.platform' to enable JTA platform integration)
Hibernate: drop table if exists league_groups cascade 
Hibernate: drop table if exists notifications cascade 
Hibernate: drop table if exists refresh_tokens cascade 
Hibernate: drop table if exists scores cascade 
Hibernate: drop table if exists squad_members cascade 
Hibernate: drop table if exists squads cascade 
Hibernate: drop table if exists users cascade 
Hibernate: create table league_groups (active boolean not null, member_count integer not null, created_at timestamp(6) with time zone not null, id varchar(36) not null, tier varchar(50) not null, primary key (id))
Hibernate: create table notifications (is_read boolean not null, created_at timestamp(6) with time zone not null, id varchar(36) not null, user_id varchar(36) not null, type varchar(50) not null, message TEXT not null, title varchar(255) not null, primary key (id))
Hibernate: create table refresh_tokens (created_at timestamp(6) with time zone not null, expires_at timestamp(6) with time zone not null, id varchar(36) not null, user_id varchar(36) not null, token varchar(500) not null unique, primary key (id))
Hibernate: create table scores (points integer not null, scored_at timestamp(6) with time zone not null, id varchar(36) not null, user_id varchar(36) not null, source varchar(50) not null, commit_hash varchar(100), repository_name varchar(255), primary key (id))
Hibernate: create table squad_members (joined_at timestamp(6) with time zone not null, role varchar(20) not null, squad_id varchar(255) not null, user_id varchar(255) not null, primary key (squad_id, user_id))
Hibernate: create table squads (max_members integer not null, invite_code varchar(6) not null unique, created_at timestamp(6) with time zone not null, id varchar(36) not null, owner_id varchar(36) not null, name varchar(100) not null, description varchar(500), image_url TEXT, primary key (id))
Hibernate: create table users (best_streak integer not null, current_streak integer not null, notif_email_weekly boolean, notif_push_enabled boolean, notif_squad_alerts boolean, total_score integer not null, created_at timestamp(6) with time zone not null, deleted_at timestamp(6) with time zone, last_commit_date varchar(20), league varchar(20) not null, active_league_group_id varchar(36), id varchar(36) not null, github_id varchar(50) not null unique, username varchar(100) not null, display_name varchar(200) not null, avatar_url varchar(500), email varchar(255), expo_push_token varchar(255), primary key (id))
Hibernate: alter table if exists squad_members add constraint FKgj2i599t0hr7iuiebvc95xcws foreign key (squad_id) references squads on delete cascade
Hibernate: alter table if exists squad_members add constraint FKku2usnxe951p85nx0dnw8vctc foreign key (user_id) references users on delete cascade
2026-05-26 01:16:13.971 [main] INFO  o.s.o.j.LocalContainerEntityManagerFactoryBean - Initialized JPA EntityManagerFactory for persistence unit 'default'
2026-05-26 01:16:14.684 [main] INFO  o.s.d.j.r.query.QueryEnhancerFactory - Hibernate is in classpath; If applicable, HQL parser will be used.
2026-05-26 01:16:16.276 [main] WARN  o.s.b.a.o.j.JpaBaseConfiguration$JpaWebConfiguration - spring.jpa.open-in-view is enabled by default. Therefore, database queries may be performed during view rendering. Explicitly configure spring.jpa.open-in-view to disable this warning
2026-05-26 01:16:16.321 [main] WARN  o.s.b.a.s.s.UserDetailsServiceAutoConfiguration - 

Using generated security password: 52ef0729-470f-4029-b2cd-ca7e5212477c

This generated password is for development use only. Your security configuration must be updated before running your application in production.

2026-05-26 01:16:16.831 [main] INFO  o.s.s.web.DefaultSecurityFilterChain - Will secure any request with [org.springframework.security.web.session.DisableEncodeUrlFilter@2e85cce1, org.springframework.security.web.context.request.async.WebAsyncManagerIntegrationFilter@5f45b3f8, org.springframework.security.web.context.SecurityContextHolderFilter@2dad6fc9, org.springframework.security.web.header.HeaderWriterFilter@428b5b3f, org.springframework.web.filter.CorsFilter@2b9ea20c, org.springframework.security.web.authentication.logout.LogoutFilter@3c247c8d, com.devrats.security.JwtAuthenticationFilter@30628ef9, org.springframework.security.web.savedrequest.RequestCacheAwareFilter@678c654c, org.springframework.security.web.servletapi.SecurityContextHolderAwareRequestFilter@50e3be0a, org.springframework.security.web.authentication.AnonymousAuthenticationFilter@9b5ff2e, org.springframework.security.web.access.ExceptionTranslationFilter@7fa1c05f, org.springframework.security.web.access.intercept.AuthorizationFilter@3be94b12]
2026-05-26 01:16:17.351 [main] INFO  o.s.b.t.m.w.SpringBootMockServletContext - Initializing Spring TestDispatcherServlet ''
2026-05-26 01:16:17.351 [main] INFO  o.s.t.w.s.TestDispatcherServlet - Initializing Servlet ''
2026-05-26 01:16:17.351 [main] INFO  o.s.t.w.s.TestDispatcherServlet - Completed initialization in 0 ms
2026-05-26 01:16:17.382 [main] INFO  c.d.integration.AuthIntegrationTest - Started AuthIntegrationTest in 8.057 seconds (process running for 9.906)
Hibernate: select u1_0.id,u1_0.active_league_group_id,u1_0.avatar_url,u1_0.best_streak,u1_0.created_at,u1_0.current_streak,u1_0.deleted_at,u1_0.display_name,u1_0.email,u1_0.expo_push_token,u1_0.github_id,u1_0.last_commit_date,u1_0.league,u1_0.notif_email_weekly,u1_0.notif_push_enabled,u1_0.notif_squad_alerts,u1_0.total_score,u1_0.username from users u1_0
Hibernate: select u1_0.id,u1_0.active_league_group_id,u1_0.avatar_url,u1_0.best_streak,u1_0.created_at,u1_0.current_streak,u1_0.deleted_at,u1_0.display_name,u1_0.email,u1_0.expo_push_token,u1_0.github_id,u1_0.last_commit_date,u1_0.league,u1_0.notif_email_weekly,u1_0.notif_push_enabled,u1_0.notif_squad_alerts,u1_0.total_score,u1_0.username from users u1_0 where u1_0.id=?
Hibernate: insert into users (active_league_group_id,avatar_url,best_streak,created_at,current_streak,deleted_at,display_name,email,expo_push_token,github_id,last_commit_date,league,notif_email_weekly,notif_push_enabled,notif_squad_alerts,total_score,username,id) values (?,?,?,?,?,?,?,?,?,?,?,?,?,?,?,?,?,?)
]]></system-out>
    <system-err><![CDATA[WARNING: A Java agent has been loaded dynamically (C:\Users\filip\.m2\repository\net\bytebuddy\byte-buddy-agent\1.14.13\byte-buddy-agent-1.14.13.jar)
WARNING: If a serviceability tool is in use, please run with -XX:+EnableDynamicAgentLoading to hide this warning
WARNING: If a serviceability tool is not in use, please run with -Djdk.instrument.traceUsage for more information
WARNING: Dynamic loading of agents will be disallowed by default in a future release
]]></system-err>
  </testcase>
  <testcase name="shouldRejectMeWithoutToken" classname="com.devrats.integration.AuthIntegrationTest" time="0.026">
    <system-out><![CDATA[Hibernate: select u1_0.id,u1_0.active_league_group_id,u1_0.avatar_url,u1_0.best_streak,u1_0.created_at,u1_0.current_streak,u1_0.deleted_at,u1_0.display_name,u1_0.email,u1_0.expo_push_token,u1_0.github_id,u1_0.last_commit_date,u1_0.league,u1_0.notif_email_weekly,u1_0.notif_push_enabled,u1_0.notif_squad_alerts,u1_0.total_score,u1_0.username from users u1_0
Hibernate: delete from users where id=?
Hibernate: select u1_0.id,u1_0.active_league_group_id,u1_0.avatar_url,u1_0.best_streak,u1_0.created_at,u1_0.current_streak,u1_0.deleted_at,u1_0.display_name,u1_0.email,u1_0.expo_push_token,u1_0.github_id,u1_0.last_commit_date,u1_0.league,u1_0.notif_email_weekly,u1_0.notif_push_enabled,u1_0.notif_squad_alerts,u1_0.total_score,u1_0.username from users u1_0 where u1_0.id=?
Hibernate: insert into users (active_league_group_id,avatar_url,best_streak,created_at,current_streak,deleted_at,display_name,email,expo_push_token,github_id,last_commit_date,league,notif_email_weekly,notif_push_enabled,notif_squad_alerts,total_score,username,id) values (?,?,?,?,?,?,?,?,?,?,?,?,?,?,?,?,?,?)
]]></system-out>
  </testcase>
  <testcase name="shouldReturnUserWithValidToken" classname="com.devrats.integration.AuthIntegrationTest" time="0.233">
    <system-out><![CDATA[Hibernate: select u1_0.id,u1_0.active_league_group_id,u1_0.avatar_url,u1_0.best_streak,u1_0.created_at,u1_0.current_streak,u1_0.deleted_at,u1_0.display_name,u1_0.email,u1_0.expo_push_token,u1_0.github_id,u1_0.last_commit_date,u1_0.league,u1_0.notif_email_weekly,u1_0.notif_push_enabled,u1_0.notif_squad_alerts,u1_0.total_score,u1_0.username from users u1_0
Hibernate: delete from users where id=?
Hibernate: select u1_0.id,u1_0.active_league_group_id,u1_0.avatar_url,u1_0.best_streak,u1_0.created_at,u1_0.current_streak,u1_0.deleted_at,u1_0.display_name,u1_0.email,u1_0.expo_push_token,u1_0.github_id,u1_0.last_commit_date,u1_0.league,u1_0.notif_email_weekly,u1_0.notif_push_enabled,u1_0.notif_squad_alerts,u1_0.total_score,u1_0.username from users u1_0 where u1_0.id=?
Hibernate: insert into users (active_league_group_id,avatar_url,best_streak,created_at,current_streak,deleted_at,display_name,email,expo_push_token,github_id,last_commit_date,league,notif_email_weekly,notif_push_enabled,notif_squad_alerts,total_score,username,id) values (?,?,?,?,?,?,?,?,?,?,?,?,?,?,?,?,?,?)
Hibernate: select u1_0.id,u1_0.active_league_group_id,u1_0.avatar_url,u1_0.best_streak,u1_0.created_at,u1_0.current_streak,u1_0.deleted_at,u1_0.display_name,u1_0.email,u1_0.expo_push_token,u1_0.github_id,u1_0.last_commit_date,u1_0.league,u1_0.notif_email_weekly,u1_0.notif_push_enabled,u1_0.notif_squad_alerts,u1_0.total_score,u1_0.username from users u1_0 where u1_0.id=?
]]></system-out>
  </testcase>
  <testcase name="shouldAllowRefreshWithoutJwt" classname="com.devrats.integration.AuthIntegrationTest" time="0.085">
    <system-out><![CDATA[Hibernate: select u1_0.id,u1_0.active_league_group_id,u1_0.avatar_url,u1_0.best_streak,u1_0.created_at,u1_0.current_streak,u1_0.deleted_at,u1_0.display_name,u1_0.email,u1_0.expo_push_token,u1_0.github_id,u1_0.last_commit_date,u1_0.league,u1_0.notif_email_weekly,u1_0.notif_push_enabled,u1_0.notif_squad_alerts,u1_0.total_score,u1_0.username from users u1_0
Hibernate: delete from users where id=?
Hibernate: select u1_0.id,u1_0.active_league_group_id,u1_0.avatar_url,u1_0.best_streak,u1_0.created_at,u1_0.current_streak,u1_0.deleted_at,u1_0.display_name,u1_0.email,u1_0.expo_push_token,u1_0.github_id,u1_0.last_commit_date,u1_0.league,u1_0.notif_email_weekly,u1_0.notif_push_enabled,u1_0.notif_squad_alerts,u1_0.total_score,u1_0.username from users u1_0 where u1_0.id=?
Hibernate: insert into users (active_league_group_id,avatar_url,best_streak,created_at,current_streak,deleted_at,display_name,email,expo_push_token,github_id,last_commit_date,league,notif_email_weekly,notif_push_enabled,notif_squad_alerts,total_score,username,id) values (?,?,?,?,?,?,?,?,?,?,?,?,?,?,?,?,?,?)
Hibernate: select rt1_0.id,rt1_0.created_at,rt1_0.expires_at,rt1_0.token,rt1_0.user_id from refresh_tokens rt1_0 where rt1_0.token=?
]]></system-out>
  </testcase>
  <testcase name="shouldLogoutWithValidToken" classname="com.devrats.integration.AuthIntegrationTest" time="0.019">
    <system-out><![CDATA[Hibernate: select u1_0.id,u1_0.active_league_group_id,u1_0.avatar_url,u1_0.best_streak,u1_0.created_at,u1_0.current_streak,u1_0.deleted_at,u1_0.display_name,u1_0.email,u1_0.expo_push_token,u1_0.github_id,u1_0.last_commit_date,u1_0.league,u1_0.notif_email_weekly,u1_0.notif_push_enabled,u1_0.notif_squad_alerts,u1_0.total_score,u1_0.username from users u1_0
Hibernate: delete from users where id=?
Hibernate: select u1_0.id,u1_0.active_league_group_id,u1_0.avatar_url,u1_0.best_streak,u1_0.created_at,u1_0.current_streak,u1_0.deleted_at,u1_0.display_name,u1_0.email,u1_0.expo_push_token,u1_0.github_id,u1_0.last_commit_date,u1_0.league,u1_0.notif_email_weekly,u1_0.notif_push_enabled,u1_0.notif_squad_alerts,u1_0.total_score,u1_0.username from users u1_0 where u1_0.id=?
Hibernate: insert into users (active_league_group_id,avatar_url,best_streak,created_at,current_streak,deleted_at,display_name,email,expo_push_token,github_id,last_commit_date,league,notif_email_weekly,notif_push_enabled,notif_squad_alerts,total_score,username,id) values (?,?,?,?,?,?,?,?,?,?,?,?,?,?,?,?,?,?)
]]></system-out>
  </testcase>
  <testcase name="shouldRejectMeWithInvalidToken" classname="com.devrats.integration.AuthIntegrationTest" time="0.018">
    <system-out><![CDATA[Hibernate: select u1_0.id,u1_0.active_league_group_id,u1_0.avatar_url,u1_0.best_streak,u1_0.created_at,u1_0.current_streak,u1_0.deleted_at,u1_0.display_name,u1_0.email,u1_0.expo_push_token,u1_0.github_id,u1_0.last_commit_date,u1_0.league,u1_0.notif_email_weekly,u1_0.notif_push_enabled,u1_0.notif_squad_alerts,u1_0.total_score,u1_0.username from users u1_0
Hibernate: delete from users where id=?
Hibernate: select u1_0.id,u1_0.active_league_group_id,u1_0.avatar_url,u1_0.best_streak,u1_0.created_at,u1_0.current_streak,u1_0.deleted_at,u1_0.display_name,u1_0.email,u1_0.expo_push_token,u1_0.github_id,u1_0.last_commit_date,u1_0.league,u1_0.notif_email_weekly,u1_0.notif_push_enabled,u1_0.notif_squad_alerts,u1_0.total_score,u1_0.username from users u1_0 where u1_0.id=?
Hibernate: insert into users (active_league_group_id,avatar_url,best_streak,created_at,current_streak,deleted_at,display_name,email,expo_push_token,github_id,last_commit_date,league,notif_email_weekly,notif_push_enabled,notif_squad_alerts,total_score,username,id) values (?,?,?,?,?,?,?,?,?,?,?,?,?,?,?,?,?,?)
]]></system-out>
  </testcase>
</testsuite>